SPIDER DEAMON
[Fri Aug 22 2014 10:47:12 GMT+0800 (CST)] spider reboot 1
[Fri Aug 22 2014 10:47:22 GMT+0800 (CST)] spider reboot 2
[Fri Aug 22 2014 10:47:33 GMT+0800 (CST)] spider reboot 3
[Fri Aug 22 2014 10:47:43 GMT+0800 (CST)] spider reboot 4
[Fri Aug 22 2014 10:50:38 GMT+0800 (CST)] cpt code:83642


[Fri Aug 22 2014 10:50:43 GMT+0800 (CST)] cpt code:899711


[Fri Aug 22 2014 10:50:48 GMT+0800 (CST)] cpt code:35651


[Fri Aug 22 2014 10:50:53 GMT+0800 (CST)] cpt code:85234


[Fri Aug 22 2014 10:59:09 GMT+0800 (CST)] cpt code:76722


[Fri Aug 22 2014 11:13:05 GMT+0800 (CST)] cpt code:444B


[Fri Aug 22 2014 11:13:10 GMT+0800 (CST)] cpt code:67255


[Fri Aug 22 2014 11:13:15 GMT+0800 (CST)] cpt code:17%5


[Fri Aug 22 2014 11:13:20 GMT+0800 (CST)] cpt code:36893


[Fri Aug 22 2014 11:13:25 GMT+0800 (CST)] cpt code:75152


[Fri Aug 22 2014 11:24:01 GMT+0800 (CST)] cpt code:63811


[Fri Aug 22 2014 11:30:52 GMT+0800 (CST)] spider reboot 5
[Fri Aug 22 2014 11:33:27 GMT+0800 (CST)] cpt code:51991


[Fri Aug 22 2014 11:41:33 GMT+0800 (CST)] cpt code:
[Fri Aug 22 2014 11:41:38 GMT+0800 (CST)] cpt code:
[Fri Aug 22 2014 11:41:48 GMT+0800 (CST)] cpt code:41452


[Fri Aug 22 2014 11:41:53 GMT+0800 (CST)] cpt code:62551


[Fri Aug 22 2014 11:50:03 GMT+0800 (CST)] cpt code:33952


[Fri Aug 22 2014 11:50:13 GMT+0800 (CST)] cpt code:96am


[Fri Aug 22 2014 11:50:18 GMT+0800 (CST)] cpt code:41496


[Fri Aug 22 2014 11:50:23 GMT+0800 (CST)] cpt code:45138


[Fri Aug 22 2014 12:01:10 GMT+0800 (CST)] cpt code:43657


[Fri Aug 22 2014 12:01:15 GMT+0800 (CST)] cpt code:12257


[Fri Aug 22 2014 12:01:20 GMT+0800 (CST)] cpt code:66113


[Fri Aug 22 2014 12:01:25 GMT+0800 (CST)] cpt code:58462


[Fri Aug 22 2014 12:09:55 GMT+0800 (CST)] spider reboot 6
[Fri Aug 22 2014 12:12:01 GMT+0800 (CST)] cpt code:35795


[Fri Aug 22 2014 12:12:06 GMT+0800 (CST)] cpt code:65756


[Fri Aug 22 2014 12:12:11 GMT+0800 (CST)] cpt code:89193


[Fri Aug 22 2014 12:12:16 GMT+0800 (CST)] cpt code:63551


[Fri Aug 22 2014 12:19:46 GMT+0800 (CST)] cpt code:32317


[Fri Aug 22 2014 12:19:51 GMT+0800 (CST)] cpt code:89137


[Fri Aug 22 2014 12:20:01 GMT+0800 (CST)] cpt code:65753


[Fri Aug 22 2014 12:20:06 GMT+0800 (CST)] cpt code:96393


[Fri Aug 22 2014 12:20:11 GMT+0800 (CST)] cpt code:
[Fri Aug 22 2014 12:30:17 GMT+0800 (CST)] cpt code:67746


[Fri Aug 22 2014 12:30:22 GMT+0800 (CST)] cpt code:
[Fri Aug 22 2014 12:30:27 GMT+0800 (CST)] cpt code:64915


[Fri Aug 22 2014 12:30:32 GMT+0800 (CST)] cpt code:41716


[Fri Aug 22 2014 12:30:37 GMT+0800 (CST)] cpt code:98579


[Fri Aug 22 2014 12:41:08 GMT+0800 (CST)] cpt code:81335


[Fri Aug 22 2014 12:58:35 GMT+0800 (CST)] spider reboot 7
[Fri Aug 22 2014 13:00:10 GMT+0800 (CST)] cpt code:71686


[Fri Aug 22 2014 13:07:46 GMT+0800 (CST)] cpt code:15787


[Fri Aug 22 2014 13:15:47 GMT+0800 (CST)] cpt code:53853


[Fri Aug 22 2014 13:15:52 GMT+0800 (CST)] cpt code:589-41


[Fri Aug 22 2014 13:15:57 GMT+0800 (CST)] cpt code:82268


[Fri Aug 22 2014 13:16:02 GMT+0800 (CST)] cpt code:42612


[Fri Aug 22 2014 13:23:42 GMT+0800 (CST)] cpt code:31177


[Fri Aug 22 2014 13:30:18 GMT+0800 (CST)] spider reboot 8
[Fri Aug 22 2014 13:31:43 GMT+0800 (CST)] cpt code:51644


[Fri Aug 22 2014 13:39:09 GMT+0800 (CST)] cpt code:31254


[Fri Aug 22 2014 13:39:14 GMT+0800 (CST)] cpt code:28588


[Fri Aug 22 2014 13:47:00 GMT+0800 (CST)] cpt code:851151


[Fri Aug 22 2014 13:47:05 GMT+0800 (CST)] cpt code:62949


[Fri Aug 22 2014 13:54:55 GMT+0800 (CST)] cpt code:45485


[Fri Aug 22 2014 13:55:00 GMT+0800 (CST)] cpt code:67366


[Fri Aug 22 2014 13:55:05 GMT+0800 (CST)] cpt code:94553


[Fri Aug 22 2014 13:55:10 GMT+0800 (CST)] cpt code:82646


[Fri Aug 22 2014 13:55:15 GMT+0800 (CST)] cpt code:28853


[Fri Aug 22 2014 13:55:20 GMT+0800 (CST)] cpt code:98682


[Fri Aug 22 2014 14:01:31 GMT+0800 (CST)] spider reboot 9
[Fri Aug 22 2014 14:02:51 GMT+0800 (CST)] cpt code:29939


[Fri Aug 22 2014 14:02:56 GMT+0800 (CST)] cpt code:94826


[Fri Aug 22 2014 14:10:27 GMT+0800 (CST)] cpt code:68482


[Fri Aug 22 2014 14:18:27 GMT+0800 (CST)] cpt code:759%


[Fri Aug 22 2014 14:18:32 GMT+0800 (CST)] cpt code:99657


[Fri Aug 22 2014 14:18:38 GMT+0800 (CST)] cpt code:49437


[Fri Aug 22 2014 14:18:43 GMT+0800 (CST)] cpt code:59491


[Fri Aug 22 2014 14:18:48 GMT+0800 (CST)] cpt code:24657


[Fri Aug 22 2014 14:26:38 GMT+0800 (CST)] cpt code:988943


[Fri Aug 22 2014 14:26:43 GMT+0800 (CST)] cpt code:64595


[Fri Aug 22 2014 14:45:10 GMT+0800 (CST)] spider reboot 10
[Fri Aug 22 2014 14:46:20 GMT+0800 (CST)] cpt code:54764


[Fri Aug 22 2014 14:54:11 GMT+0800 (CST)] cpt code:36%8


[Fri Aug 22 2014 14:54:16 GMT+0800 (CST)] cpt code:54845


[Fri Aug 22 2014 14:54:21 GMT+0800 (CST)] cpt code:72728


[Fri Aug 22 2014 14:54:26 GMT+0800 (CST)] cpt code:95684


[Fri Aug 22 2014 14:54:31 GMT+0800 (CST)] cpt code:92158


[Fri Aug 22 2014 15:02:07 GMT+0800 (CST)] cpt code:23814


[Fri Aug 22 2014 15:02:12 GMT+0800 (CST)] cpt code:42346


[Fri Aug 22 2014 15:10:22 GMT+0800 (CST)] cpt code:61592


[Fri Aug 22 2014 15:18:13 GMT+0800 (CST)] spider reboot 11
[Fri Aug 22 2014 15:19:08 GMT+0800 (CST)] cpt code:91257


[Fri Aug 22 2014 15:19:13 GMT+0800 (CST)] cpt code:72676


[Fri Aug 22 2014 15:19:18 GMT+0800 (CST)] cpt code:81864


[Fri Aug 22 2014 15:19:23 GMT+0800 (CST)] cpt code:21687


[Fri Aug 22 2014 15:27:24 GMT+0800 (CST)] cpt code:19773


[Fri Aug 22 2014 15:27:29 GMT+0800 (CST)] cpt code:39673


[Fri Aug 22 2014 15:27:34 GMT+0800 (CST)] cpt code:46343


[Fri Aug 22 2014 15:37:35 GMT+0800 (CST)] cpt code:27978


[Fri Aug 22 2014 15:37:40 GMT+0800 (CST)] cpt code:24745


[Fri Aug 22 2014 15:46:11 GMT+0800 (CST)] cpt code:19834


[Fri Aug 22 2014 15:55:16 GMT+0800 (CST)] spider reboot 12
[Fri Aug 22 2014 15:56:02 GMT+0800 (CST)] cpt code:4 5754


[Fri Aug 22 2014 15:56:12 GMT+0800 (CST)] cpt code:26939


[Fri Aug 22 2014 15:56:17 GMT+0800 (CST)] cpt code:24 552


[Fri Aug 22 2014 15:56:22 GMT+0800 (CST)] cpt code:43551


[Fri Aug 22 2014 15:56:27 GMT+0800 (CST)] cpt code:85345


[Fri Aug 22 2014 15:56:32 GMT+0800 (CST)] cpt code:97262


[Fri Aug 22 2014 16:04:22 GMT+0800 (CST)] cpt code:99925


[Fri Aug 22 2014 16:04:27 GMT+0800 (CST)] cpt code:58266


[Fri Aug 22 2014 16:04:32 GMT+0800 (CST)] cpt code:82682


[Fri Aug 22 2014 16:04:37 GMT+0800 (CST)] cpt code:22529


[Fri Aug 22 2014 16:12:28 GMT+0800 (CST)] cpt code:63331


[Fri Aug 22 2014 16:20:44 GMT+0800 (CST)] cpt code:25224


[Fri Aug 22 2014 16:20:49 GMT+0800 (CST)] cpt code:44328


[Fri Aug 22 2014 16:20:54 GMT+0800 (CST)] cpt code:26361


[Fri Aug 22 2014 16:20:59 GMT+0800 (CST)] cpt code:45658


[Fri Aug 22 2014 16:21:04 GMT+0800 (CST)] cpt code:7362s


[Fri Aug 22 2014 16:29:15 GMT+0800 (CST)] spider reboot 13
[Fri Aug 22 2014 16:29:30 GMT+0800 (CST)] cpt code:24653


[Fri Aug 22 2014 16:29:35 GMT+0800 (CST)] cpt code:31538


[Fri Aug 22 2014 16:29:40 GMT+0800 (CST)] cpt code:97866


[Fri Aug 22 2014 16:29:45 GMT+0800 (CST)] cpt code:96132


[Fri Aug 22 2014 16:37:20 GMT+0800 (CST)] cpt code:68544


[Fri Aug 22 2014 16:45:26 GMT+0800 (CST)] cpt code:81927


[Fri Aug 22 2014 16:45:31 GMT+0800 (CST)] cpt code:29121


[Fri Aug 22 2014 16:45:36 GMT+0800 (CST)] cpt code:86753


[Fri Aug 22 2014 16:45:41 GMT+0800 (CST)] cpt code:87758


[Fri Aug 22 2014 16:53:32 GMT+0800 (CST)] cpt code:71522


[Fri Aug 22 2014 17:11:24 GMT+0800 (CST)] cpt code:83196


[Fri Aug 22 2014 17:12:04 GMT+0800 (CST)] spider reboot 14
